# JRE version: Java(TM) SE Runtime Environment (22.0.2+9) (build 22.0.2+9-70)
# Java VM: Java HotSpot(TM) 64-Bit Server VM (22.0.2+9-70, mixed mode, sharing, tiered, compressed oops, compressed class ptrs, g1 gc, windows-amd64)
GC Precious Log:
 CardTable entry size: 512
 Card Set container configuration: InlinePtr #cards 4 size 8 Array Of Cards #cards 16 size 48 Howl #buckets 8 coarsen threshold 3686 Howl Bitmap #cards 512 size 80 coarsen threshold 460 Card regions per heap region 1 cards per card region 4096
 CPUs: 12 total, 12 available
 Memory: 16077M
 Large Page Support: Disabled
 NUMA Support: Disabled
 Compressed Oops: Enabled (Zero based)
 Heap Region Size: 2M
 Heap Min Capacity: 8M
 Heap Initial Capacity: 252M
 Heap Max Capacity: 4020M
 Pre-touch: Disabled
 Parallel Workers: 10
 Concurrent Workers: 3
 Concurrent Refinement Workers: 10
 Periodic GC: Disabled
Heap:
 garbage-first heap   total reserved 4116480K, committed 423936K, used 96576K [0x0000000704c00000, 0x0000000800000000)
  region size 2048K, 2 young (4096K), 1 survivors (2048K)
 Metaspace       used 18824K, committed 19072K, reserved 1114112K
  class space    used 2628K, committed 2752K, reserved 1048576K
GC Heap History (20 events):
Event: 11.804 GC heap before
{Heap before GC invocations=48 (full 3):
 garbage-first heap   total reserved 4116480K, committed 315392K, used 131389K [0x0000000704c00000, 0x0000000800000000)
  region size 2048K, 3 young (6144K), 1 survivors (2048K)
 Metaspace       used 18752K, committed 19008K, reserved 1114112K
  class space    used 2628K, committed 2752K, reserved 1048576K
}
Event: 11.805 GC heap after
{Heap after GC invocations=49 (full 3):
 garbage-first heap   total reserved 4116480K, committed 315392K, used 96575K [0x0000000704c00000, 0x0000000800000000)
  region size 2048K, 1 young (2048K), 1 survivors (2048K)
 Metaspace       used 18752K, committed 19008K, reserved 1114112K
  class space    used 2628K, committed 2752K, reserved 1048576K
}
Event: 11.896 GC heap before
{Heap before GC invocations=49 (full 3):
 garbage-first heap   total reserved 4116480K, committed 315392K, used 131391K [0x0000000704c00000, 0x0000000800000000)
  region size 2048K, 3 young (6144K), 1 survivors (2048K)
 Metaspace       used 18779K, committed 19072K, reserved 1114112K
  class space    used 2628K, committed 2752K, reserved 1048576K
}
Event: 11.897 GC heap after
{Heap after GC invocations=50 (full 3):
 garbage-first heap   total reserved 4116480K, committed 315392K, used 96575K [0x0000000704c00000, 0x0000000800000000)
  region size 2048K, 1 young (2048K), 1 survivors (2048K)
 Metaspace       used 18779K, committed 19072K, reserved 1114112K
  class space    used 2628K, committed 2752K, reserved 1048576K
}
Event: 11.942 GC heap before
{Heap before GC invocations=50 (full 3):
 garbage-first heap   total reserved 4116480K, committed 315392K, used 115007K [0x0000000704c00000, 0x0000000800000000)
  region size 2048K, 3 young (6144K), 1 survivors (2048K)
 Metaspace       used 18780K, committed 19072K, reserved 1114112K
  class space    used 2628K, committed 2752K, reserved 1048576K
}
Event: 11.954 GC heap after
{Heap after GC invocations=51 (full 4):
 garbage-first heap   total reserved 4116480K, committed 253952K, used 71966K [0x0000000704c00000, 0x0000000800000000)
  region size 2048K, 0 young (0K), 0 survivors (0K)
 Metaspace       used 18780K, committed 19072K, reserved 1114112K
  class space    used 2628K, committed 2752K, reserved 1048576K
}
Event: 12.057 GC heap before
{Heap before GC invocations=51 (full 4):
 garbage-first heap   total reserved 4116480K, committed 253952K, used 106782K [0x0000000704c00000, 0x0000000800000000)
  region size 2048K, 2 young (4096K), 0 survivors (0K)
 Metaspace       used 18796K, committed 19072K, reserved 1114112K
  class space    used 2628K, committed 2752K, reserved 1048576K
}
Event: 12.059 GC heap after
{Heap after GC invocations=52 (full 4):
 garbage-first heap   total reserved 4116480K, committed 253952K, used 80186K [0x0000000704c00000, 0x0000000800000000)
  region size 2048K, 1 young (2048K), 1 survivors (2048K)
 Metaspace       used 18796K, committed 19072K, reserved 1114112K
  class space    used 2628K, committed 2752K, reserved 1048576K
}
Event: 12.122 GC heap before
{Heap before GC invocations=52 (full 4):
 garbage-first heap   total reserved 4116480K, committed 253952K, used 104762K [0x0000000704c00000, 0x0000000800000000)
  region size 2048K, 2 young (4096K), 1 survivors (2048K)
 Metaspace       used 18796K, committed 19072K, reserved 1114112K
  class space    used 2628K, committed 2752K, reserved 1048576K
}
Event: 12.123 GC heap after
{Heap after GC invocations=53 (full 4):
 garbage-first heap   total reserved 4116480K, committed 253952K, used 80184K [0x0000000704c00000, 0x0000000800000000)
  region size 2048K, 1 young (2048K), 1 survivors (2048K)
 Metaspace       used 18796K, committed 19072K, reserved 1114112K
  class space    used 2628K, committed 2752K, reserved 1048576K
}
Event: 12.190 GC heap before
{Heap before GC invocations=53 (full 4):
 garbage-first heap   total reserved 4116480K, committed 253952K, used 104760K [0x0000000704c00000, 0x0000000800000000)
  region size 2048K, 2 young (4096K), 1 survivors (2048K)
 Metaspace       used 18797K, committed 19072K, reserved 1114112K
  class space    used 2628K, committed 2752K, reserved 1048576K
}
Event: 12.191 GC heap after
{Heap after GC invocations=54 (full 4):
 garbage-first heap   total reserved 4116480K, committed 253952K, used 80186K [0x0000000704c00000, 0x0000000800000000)
  region size 2048K, 1 young (2048K), 1 survivors (2048K)
 Metaspace       used 18797K, committed 19072K, reserved 1114112K
  class space    used 2628K, committed 2752K, reserved 1048576K
}
Event: 12.261 GC heap before
{Heap before GC invocations=54 (full 4):
 garbage-first heap   total reserved 4116480K, committed 253952K, used 104762K [0x0000000704c00000, 0x0000000800000000)
  region size 2048K, 2 young (4096K), 1 survivors (2048K)
 Metaspace       used 18797K, committed 19072K, reserved 1114112K
  class space    used 2628K, committed 2752K, reserved 1048576K
}
Event: 12.262 GC heap after
{Heap after GC invocations=55 (full 4):
 garbage-first heap   total reserved 4116480K, committed 423936K, used 80184K [0x0000000704c00000, 0x0000000800000000)
  region size 2048K, 1 young (2048K), 1 survivors (2048K)
 Metaspace       used 18797K, committed 19072K, reserved 1114112K
  class space    used 2628K, committed 2752K, reserved 1048576K
}
Event: 12.567 GC heap before
{Heap before GC invocations=55 (full 4):
 garbage-first heap   total reserved 4116480K, committed 423936K, used 186680K [0x0000000704c00000, 0x0000000800000000)
  region size 2048K, 2 young (4096K), 1 survivors (2048K)
 Metaspace       used 18807K, committed 19072K, reserved 1114112K
  class space    used 2628K, committed 2752K, reserved 1048576K
}
Event: 12.568 GC heap after
{Heap after GC invocations=56 (full 4):
 garbage-first heap   total reserved 4116480K, committed 423936K, used 80190K [0x0000000704c00000, 0x0000000800000000)
  region size 2048K, 1 young (2048K), 1 survivors (2048K)
 Metaspace       used 18807K, committed 19072K, reserved 1114112K
  class space    used 2628K, committed 2752K, reserved 1048576K
}
Event: 12.882 GC heap before
{Heap before GC invocations=56 (full 4):
 garbage-first heap   total reserved 4116480K, committed 423936K, used 188734K [0x0000000704c00000, 0x0000000800000000)
  region size 2048K, 3 young (6144K), 1 survivors (2048K)
 Metaspace       used 18810K, committed 19072K, reserved 1114112K
  class space    used 2628K, committed 2752K, reserved 1048576K
}
Event: 12.884 GC heap after
{Heap after GC invocations=57 (full 4):
 garbage-first heap   total reserved 4116480K, committed 423936K, used 80194K [0x0000000704c00000, 0x0000000800000000)
  region size 2048K, 1 young (2048K), 1 survivors (2048K)
 Metaspace       used 18810K, committed 19072K, reserved 1114112K
  class space    used 2628K, committed 2752K, reserved 1048576K
}
Event: 13.201 GC heap before
{Heap before GC invocations=57 (full 4):
 garbage-first heap   total reserved 4116480K, committed 423936K, used 188738K [0x0000000704c00000, 0x0000000800000000)
  region size 2048K, 3 young (6144K), 1 survivors (2048K)
 Metaspace       used 18824K, committed 19072K, reserved 1114112K
  class space    used 2628K, committed 2752K, reserved 1048576K
}
Event: 13.202 GC heap after
{Heap after GC invocations=58 (full 4):
 garbage-first heap   total reserved 4116480K, committed 423936K, used 88384K [0x0000000704c00000, 0x0000000800000000)
  region size 2048K, 1 young (2048K), 1 survivors (2048K)
 Metaspace       used 18824K, committed 19072K, reserved 1114112K
  class space    used 2628K, committed 2752K, reserved 1048576K
}

