# JRE version: Java(TM) SE Runtime Environment (22.0.2+9) (build 22.0.2+9-70)
# Java VM: Java HotSpot(TM) 64-Bit Server VM (22.0.2+9-70, mixed mode, sharing, tiered, compressed oops, compressed class ptrs, g1 gc, windows-amd64)
GC Precious Log:
 CardTable entry size: 512
 Card Set container configuration: InlinePtr #cards 4 size 8 Array Of Cards #cards 16 size 48 Howl #buckets 8 coarsen threshold 3686 Howl Bitmap #cards 512 size 80 coarsen threshold 460 Card regions per heap region 1 cards per card region 4096
 CPUs: 12 total, 12 available
 Memory: 16077M
 Large Page Support: Disabled
 NUMA Support: Disabled
 Compressed Oops: Enabled (Zero based)
 Heap Region Size: 2M
 Heap Min Capacity: 8M
 Heap Initial Capacity: 252M
 Heap Max Capacity: 4020M
 Pre-touch: Disabled
 Parallel Workers: 10
 Concurrent Workers: 3
 Concurrent Refinement Workers: 10
 Periodic GC: Disabled
Heap:
 garbage-first heap   total reserved 4116480K, committed 389120K, used 131022K [0x0000000704c00000, 0x0000000800000000)
  region size 2048K, 2 young (4096K), 1 survivors (2048K)
 Metaspace       used 18604K, committed 18880K, reserved 1114112K
  class space    used 2628K, committed 2752K, reserved 1048576K
GC Heap History (20 events):
Event: 11.086 GC heap before
{Heap before GC invocations=19 (full 0):
 garbage-first heap   total reserved 4116480K, committed 389120K, used 174071K [0x0000000704c00000, 0x0000000800000000)
  region size 2048K, 4 young (8192K), 2 survivors (4096K)
 Metaspace       used 18522K, committed 18816K, reserved 1114112K
  class space    used 2628K, committed 2752K, reserved 1048576K
}
Event: 11.088 GC heap after
{Heap after GC invocations=20 (full 0):
 garbage-first heap   total reserved 4116480K, committed 389120K, used 114699K [0x0000000704c00000, 0x0000000800000000)
  region size 2048K, 1 young (2048K), 1 survivors (2048K)
 Metaspace       used 18522K, committed 18816K, reserved 1114112K
  class space    used 2628K, committed 2752K, reserved 1048576K
}
Event: 11.263 GC heap before
{Heap before GC invocations=20 (full 0):
 garbage-first heap   total reserved 4116480K, committed 389120K, used 174091K [0x0000000704c00000, 0x0000000800000000)
  region size 2048K, 3 young (6144K), 1 survivors (2048K)
 Metaspace       used 18525K, committed 18816K, reserved 1114112K
  class space    used 2628K, committed 2752K, reserved 1048576K
}
Event: 11.264 GC heap after
{Heap after GC invocations=21 (full 0):
 garbage-first heap   total reserved 4116480K, committed 389120K, used 114603K [0x0000000704c00000, 0x0000000800000000)
  region size 2048K, 1 young (2048K), 1 survivors (2048K)
 Metaspace       used 18525K, committed 18816K, reserved 1114112K
  class space    used 2628K, committed 2752K, reserved 1048576K
}
Event: 11.424 GC heap before
{Heap before GC invocations=21 (full 0):
 garbage-first heap   total reserved 4116480K, committed 389120K, used 173995K [0x0000000704c00000, 0x0000000800000000)
  region size 2048K, 3 young (6144K), 1 survivors (2048K)
 Metaspace       used 18529K, committed 18816K, reserved 1114112K
  class space    used 2628K, committed 2752K, reserved 1048576K
}
Event: 11.425 GC heap after
{Heap after GC invocations=22 (full 0):
 garbage-first heap   total reserved 4116480K, committed 389120K, used 114595K [0x0000000704c00000, 0x0000000800000000)
  region size 2048K, 1 young (2048K), 1 survivors (2048K)
 Metaspace       used 18529K, committed 18816K, reserved 1114112K
  class space    used 2628K, committed 2752K, reserved 1048576K
}
Event: 11.621 GC heap before
{Heap before GC invocations=22 (full 0):
 garbage-first heap   total reserved 4116480K, committed 389120K, used 173987K [0x0000000704c00000, 0x0000000800000000)
  region size 2048K, 3 young (6144K), 1 survivors (2048K)
 Metaspace       used 18562K, committed 18880K, reserved 1114112K
  class space    used 2628K, committed 2752K, reserved 1048576K
}
Event: 11.622 GC heap after
{Heap after GC invocations=23 (full 0):
 garbage-first heap   total reserved 4116480K, committed 389120K, used 114596K [0x0000000704c00000, 0x0000000800000000)
  region size 2048K, 1 young (2048K), 1 survivors (2048K)
 Metaspace       used 18562K, committed 18880K, reserved 1114112K
  class space    used 2628K, committed 2752K, reserved 1048576K
}
Event: 11.785 GC heap before
{Heap before GC invocations=23 (full 0):
 garbage-first heap   total reserved 4116480K, committed 389120K, used 173988K [0x0000000704c00000, 0x0000000800000000)
  region size 2048K, 3 young (6144K), 1 survivors (2048K)
 Metaspace       used 18568K, committed 18880K, reserved 1114112K
  class space    used 2628K, committed 2752K, reserved 1048576K
}
Event: 11.786 GC heap after
{Heap after GC invocations=24 (full 0):
 garbage-first heap   total reserved 4116480K, committed 389120K, used 114606K [0x0000000704c00000, 0x0000000800000000)
  region size 2048K, 1 young (2048K), 1 survivors (2048K)
 Metaspace       used 18568K, committed 18880K, reserved 1114112K
  class space    used 2628K, committed 2752K, reserved 1048576K
}
Event: 11.952 GC heap before
{Heap before GC invocations=24 (full 0):
 garbage-first heap   total reserved 4116480K, committed 389120K, used 173998K [0x0000000704c00000, 0x0000000800000000)
  region size 2048K, 3 young (6144K), 1 survivors (2048K)
 Metaspace       used 18570K, committed 18880K, reserved 1114112K
  class space    used 2628K, committed 2752K, reserved 1048576K
}
Event: 11.953 GC heap after
{Heap after GC invocations=25 (full 0):
 garbage-first heap   total reserved 4116480K, committed 389120K, used 114614K [0x0000000704c00000, 0x0000000800000000)
  region size 2048K, 1 young (2048K), 1 survivors (2048K)
 Metaspace       used 18570K, committed 18880K, reserved 1114112K
  class space    used 2628K, committed 2752K, reserved 1048576K
}
Event: 12.116 GC heap before
{Heap before GC invocations=25 (full 0):
 garbage-first heap   total reserved 4116480K, committed 389120K, used 174006K [0x0000000704c00000, 0x0000000800000000)
  region size 2048K, 3 young (6144K), 1 survivors (2048K)
 Metaspace       used 18573K, committed 18880K, reserved 1114112K
  class space    used 2628K, committed 2752K, reserved 1048576K
}
Event: 12.117 GC heap after
{Heap after GC invocations=26 (full 0):
 garbage-first heap   total reserved 4116480K, committed 389120K, used 114617K [0x0000000704c00000, 0x0000000800000000)
  region size 2048K, 1 young (2048K), 1 survivors (2048K)
 Metaspace       used 18573K, committed 18880K, reserved 1114112K
  class space    used 2628K, committed 2752K, reserved 1048576K
}
Event: 12.280 GC heap before
{Heap before GC invocations=26 (full 0):
 garbage-first heap   total reserved 4116480K, committed 389120K, used 174009K [0x0000000704c00000, 0x0000000800000000)
  region size 2048K, 3 young (6144K), 1 survivors (2048K)
 Metaspace       used 18578K, committed 18880K, reserved 1114112K
  class space    used 2628K, committed 2752K, reserved 1048576K
}
Event: 12.281 GC heap after
{Heap after GC invocations=27 (full 0):
 garbage-first heap   total reserved 4116480K, committed 389120K, used 114620K [0x0000000704c00000, 0x0000000800000000)
  region size 2048K, 1 young (2048K), 1 survivors (2048K)
 Metaspace       used 18578K, committed 18880K, reserved 1114112K
  class space    used 2628K, committed 2752K, reserved 1048576K
}
Event: 12.449 GC heap before
{Heap before GC invocations=27 (full 0):
 garbage-first heap   total reserved 4116480K, committed 389120K, used 174012K [0x0000000704c00000, 0x0000000800000000)
  region size 2048K, 3 young (6144K), 1 survivors (2048K)
 Metaspace       used 18584K, committed 18880K, reserved 1114112K
  class space    used 2628K, committed 2752K, reserved 1048576K
}
Event: 12.450 GC heap after
{Heap after GC invocations=28 (full 0):
 garbage-first heap   total reserved 4116480K, committed 389120K, used 114619K [0x0000000704c00000, 0x0000000800000000)
  region size 2048K, 1 young (2048K), 1 survivors (2048K)
 Metaspace       used 18584K, committed 18880K, reserved 1114112K
  class space    used 2628K, committed 2752K, reserved 1048576K
}
Event: 12.633 GC heap before
{Heap before GC invocations=28 (full 0):
 garbage-first heap   total reserved 4116480K, committed 389120K, used 174011K [0x0000000704c00000, 0x0000000800000000)
  region size 2048K, 3 young (6144K), 1 survivors (2048K)
 Metaspace       used 18603K, committed 18880K, reserved 1114112K
  class space    used 2628K, committed 2752K, reserved 1048576K
}
Event: 12.634 GC heap after
{Heap after GC invocations=29 (full 0):
 garbage-first heap   total reserved 4116480K, committed 389120K, used 122830K [0x0000000704c00000, 0x0000000800000000)
  region size 2048K, 1 young (2048K), 1 survivors (2048K)
 Metaspace       used 18603K, committed 18880K, reserved 1114112K
  class space    used 2628K, committed 2752K, reserved 1048576K
}

