# JRE version: Java(TM) SE Runtime Environment (22.0.2+9) (build 22.0.2+9-70)
# Java VM: Java HotSpot(TM) 64-Bit Server VM (22.0.2+9-70, mixed mode, sharing, tiered, compressed oops, compressed class ptrs, g1 gc, windows-amd64)
GC Precious Log:
 CardTable entry size: 512
 Card Set container configuration: InlinePtr #cards 4 size 8 Array Of Cards #cards 16 size 48 Howl #buckets 8 coarsen threshold 3686 Howl Bitmap #cards 512 size 80 coarsen threshold 460 Card regions per heap region 1 cards per card region 4096
 CPUs: 12 total, 12 available
 Memory: 16077M
 Large Page Support: Disabled
 NUMA Support: Disabled
 Compressed Oops: Enabled (Zero based)
 Heap Region Size: 2M
 Heap Min Capacity: 8M
 Heap Initial Capacity: 252M
 Heap Max Capacity: 4020M
 Pre-touch: Disabled
 Parallel Workers: 10
 Concurrent Workers: 3
 Concurrent Refinement Workers: 10
 Periodic GC: Disabled
Heap:
 garbage-first heap   total reserved 4116480K, committed 374784K, used 86068K [0x0000000704c00000, 0x0000000800000000)
  region size 2048K, 3 young (6144K), 1 survivors (2048K)
 Metaspace       used 19225K, committed 19520K, reserved 1114112K
  class space    used 2647K, committed 2816K, reserved 1048576K
GC Heap History (20 events):
Event: 189.100 GC heap before
{Heap before GC invocations=162 (full 0):
 garbage-first heap   total reserved 4116480K, committed 374784K, used 167930K [0x0000000704c00000, 0x0000000800000000)
  region size 2048K, 3 young (6144K), 1 survivors (2048K)
 Metaspace       used 19201K, committed 19520K, reserved 1114112K
  class space    used 2647K, committed 2816K, reserved 1048576K
}
Event: 189.102 GC heap after
{Heap after GC invocations=163 (full 0):
 garbage-first heap   total reserved 4116480K, committed 374784K, used 67584K [0x0000000704c00000, 0x0000000800000000)
  region size 2048K, 1 young (2048K), 1 survivors (2048K)
 Metaspace       used 19201K, committed 19520K, reserved 1114112K
  class space    used 2647K, committed 2816K, reserved 1048576K
}
Event: 190.062 GC heap before
{Heap before GC invocations=163 (full 0):
 garbage-first heap   total reserved 4116480K, committed 374784K, used 167936K [0x0000000704c00000, 0x0000000800000000)
  region size 2048K, 3 young (6144K), 1 survivors (2048K)
 Metaspace       used 19201K, committed 19520K, reserved 1114112K
  class space    used 2647K, committed 2816K, reserved 1048576K
}
Event: 190.063 GC heap after
{Heap after GC invocations=164 (full 0):
 garbage-first heap   total reserved 4116480K, committed 374784K, used 67588K [0x0000000704c00000, 0x0000000800000000)
  region size 2048K, 1 young (2048K), 1 survivors (2048K)
 Metaspace       used 19201K, committed 19520K, reserved 1114112K
  class space    used 2647K, committed 2816K, reserved 1048576K
}
Event: 191.032 GC heap before
{Heap before GC invocations=164 (full 0):
 garbage-first heap   total reserved 4116480K, committed 374784K, used 167940K [0x0000000704c00000, 0x0000000800000000)
  region size 2048K, 3 young (6144K), 1 survivors (2048K)
 Metaspace       used 19201K, committed 19520K, reserved 1114112K
  class space    used 2647K, committed 2816K, reserved 1048576K
}
Event: 191.034 GC heap after
{Heap after GC invocations=165 (full 0):
 garbage-first heap   total reserved 4116480K, committed 374784K, used 67590K [0x0000000704c00000, 0x0000000800000000)
  region size 2048K, 1 young (2048K), 1 survivors (2048K)
 Metaspace       used 19201K, committed 19520K, reserved 1114112K
  class space    used 2647K, committed 2816K, reserved 1048576K
}
Event: 192.016 GC heap before
{Heap before GC invocations=165 (full 0):
 garbage-first heap   total reserved 4116480K, committed 374784K, used 167942K [0x0000000704c00000, 0x0000000800000000)
  region size 2048K, 3 young (6144K), 1 survivors (2048K)
 Metaspace       used 19201K, committed 19520K, reserved 1114112K
  class space    used 2647K, committed 2816K, reserved 1048576K
}
Event: 192.017 GC heap after
{Heap after GC invocations=166 (full 0):
 garbage-first heap   total reserved 4116480K, committed 374784K, used 67602K [0x0000000704c00000, 0x0000000800000000)
  region size 2048K, 1 young (2048K), 1 survivors (2048K)
 Metaspace       used 19201K, committed 19520K, reserved 1114112K
  class space    used 2647K, committed 2816K, reserved 1048576K
}
Event: 192.938 GC heap before
{Heap before GC invocations=166 (full 0):
 garbage-first heap   total reserved 4116480K, committed 374784K, used 167954K [0x0000000704c00000, 0x0000000800000000)
  region size 2048K, 3 young (6144K), 1 survivors (2048K)
 Metaspace       used 19202K, committed 19520K, reserved 1114112K
  class space    used 2647K, committed 2816K, reserved 1048576K
}
Event: 192.939 GC heap after
{Heap after GC invocations=167 (full 0):
 garbage-first heap   total reserved 4116480K, committed 374784K, used 67610K [0x0000000704c00000, 0x0000000800000000)
  region size 2048K, 1 young (2048K), 1 survivors (2048K)
 Metaspace       used 19202K, committed 19520K, reserved 1114112K
  class space    used 2647K, committed 2816K, reserved 1048576K
}
Event: 193.897 GC heap before
{Heap before GC invocations=167 (full 0):
 garbage-first heap   total reserved 4116480K, committed 374784K, used 167962K [0x0000000704c00000, 0x0000000800000000)
  region size 2048K, 3 young (6144K), 1 survivors (2048K)
 Metaspace       used 19214K, committed 19520K, reserved 1114112K
  class space    used 2647K, committed 2816K, reserved 1048576K
}
Event: 193.899 GC heap after
{Heap after GC invocations=168 (full 0):
 garbage-first heap   total reserved 4116480K, committed 374784K, used 67630K [0x0000000704c00000, 0x0000000800000000)
  region size 2048K, 1 young (2048K), 1 survivors (2048K)
 Metaspace       used 19214K, committed 19520K, reserved 1114112K
  class space    used 2647K, committed 2816K, reserved 1048576K
}
Event: 194.849 GC heap before
{Heap before GC invocations=168 (full 0):
 garbage-first heap   total reserved 4116480K, committed 374784K, used 167982K [0x0000000704c00000, 0x0000000800000000)
  region size 2048K, 3 young (6144K), 1 survivors (2048K)
 Metaspace       used 19214K, committed 19520K, reserved 1114112K
  class space    used 2647K, committed 2816K, reserved 1048576K
}
Event: 194.850 GC heap after
{Heap after GC invocations=169 (full 0):
 garbage-first heap   total reserved 4116480K, committed 374784K, used 67630K [0x0000000704c00000, 0x0000000800000000)
  region size 2048K, 1 young (2048K), 1 survivors (2048K)
 Metaspace       used 19214K, committed 19520K, reserved 1114112K
  class space    used 2647K, committed 2816K, reserved 1048576K
}
Event: 195.793 GC heap before
{Heap before GC invocations=169 (full 0):
 garbage-first heap   total reserved 4116480K, committed 374784K, used 167982K [0x0000000704c00000, 0x0000000800000000)
  region size 2048K, 3 young (6144K), 1 survivors (2048K)
 Metaspace       used 19217K, committed 19520K, reserved 1114112K
  class space    used 2647K, committed 2816K, reserved 1048576K
}
Event: 195.795 GC heap after
{Heap after GC invocations=170 (full 0):
 garbage-first heap   total reserved 4116480K, committed 374784K, used 67634K [0x0000000704c00000, 0x0000000800000000)
  region size 2048K, 1 young (2048K), 1 survivors (2048K)
 Metaspace       used 19217K, committed 19520K, reserved 1114112K
  class space    used 2647K, committed 2816K, reserved 1048576K
}
Event: 196.734 GC heap before
{Heap before GC invocations=170 (full 0):
 garbage-first heap   total reserved 4116480K, committed 374784K, used 167986K [0x0000000704c00000, 0x0000000800000000)
  region size 2048K, 3 young (6144K), 1 survivors (2048K)
 Metaspace       used 19217K, committed 19520K, reserved 1114112K
  class space    used 2647K, committed 2816K, reserved 1048576K
}
Event: 196.735 GC heap after
{Heap after GC invocations=171 (full 0):
 garbage-first heap   total reserved 4116480K, committed 374784K, used 67632K [0x0000000704c00000, 0x0000000800000000)
  region size 2048K, 1 young (2048K), 1 survivors (2048K)
 Metaspace       used 19217K, committed 19520K, reserved 1114112K
  class space    used 2647K, committed 2816K, reserved 1048576K
}
Event: 197.683 GC heap before
{Heap before GC invocations=171 (full 0):
 garbage-first heap   total reserved 4116480K, committed 374784K, used 167984K [0x0000000704c00000, 0x0000000800000000)
  region size 2048K, 3 young (6144K), 1 survivors (2048K)
 Metaspace       used 19225K, committed 19520K, reserved 1114112K
  class space    used 2647K, committed 2816K, reserved 1048576K
}
Event: 197.685 GC heap after
{Heap after GC invocations=172 (full 0):
 garbage-first heap   total reserved 4116480K, committed 374784K, used 67636K [0x0000000704c00000, 0x0000000800000000)
  region size 2048K, 1 young (2048K), 1 survivors (2048K)
 Metaspace       used 19225K, committed 19520K, reserved 1114112K
  class space    used 2647K, committed 2816K, reserved 1048576K
}

