# JRE version: Java(TM) SE Runtime Environment (22.0.2+9) (build 22.0.2+9-70)
# Java VM: Java HotSpot(TM) 64-Bit Server VM (22.0.2+9-70, mixed mode, sharing, tiered, compressed oops, compressed class ptrs, g1 gc, windows-amd64)
GC Precious Log:
 CardTable entry size: 512
 Card Set container configuration: InlinePtr #cards 4 size 8 Array Of Cards #cards 16 size 48 Howl #buckets 8 coarsen threshold 3686 Howl Bitmap #cards 512 size 80 coarsen threshold 460 Card regions per heap region 1 cards per card region 4096
 CPUs: 12 total, 12 available
 Memory: 16077M
 Large Page Support: Disabled
 NUMA Support: Disabled
 Compressed Oops: Enabled (Zero based)
 Heap Region Size: 2M
 Heap Min Capacity: 8M
 Heap Initial Capacity: 252M
 Heap Max Capacity: 4020M
 Pre-touch: Disabled
 Parallel Workers: 10
 Concurrent Workers: 3
 Concurrent Refinement Workers: 10
 Periodic GC: Disabled
Heap:
 garbage-first heap   total reserved 4116480K, committed 409600K, used 182267K [0x0000000704c00000, 0x0000000800000000)
  region size 2048K, 3 young (6144K), 1 survivors (2048K)
 Metaspace       used 19582K, committed 19904K, reserved 1114112K
  class space    used 2642K, committed 2816K, reserved 1048576K
GC Heap History (20 events):
Event: 56.694 GC heap before
{Heap before GC invocations=72 (full 0):
 garbage-first heap   total reserved 4116480K, committed 409600K, used 182240K [0x0000000704c00000, 0x0000000800000000)
  region size 2048K, 3 young (6144K), 1 survivors (2048K)
 Metaspace       used 19563K, committed 19904K, reserved 1114112K
  class space    used 2642K, committed 2816K, reserved 1048576K
}
Event: 56.695 GC heap after
{Heap after GC invocations=73 (full 0):
 garbage-first heap   total reserved 4116480K, committed 409600K, used 65510K [0x0000000704c00000, 0x0000000800000000)
  region size 2048K, 1 young (2048K), 1 survivors (2048K)
 Metaspace       used 19563K, committed 19904K, reserved 1114112K
  class space    used 2642K, committed 2816K, reserved 1048576K
}
Event: 58.405 GC heap before
{Heap before GC invocations=73 (full 0):
 garbage-first heap   total reserved 4116480K, committed 409600K, used 182246K [0x0000000704c00000, 0x0000000800000000)
  region size 2048K, 3 young (6144K), 1 survivors (2048K)
 Metaspace       used 19563K, committed 19904K, reserved 1114112K
  class space    used 2642K, committed 2816K, reserved 1048576K
}
Event: 58.406 GC heap after
{Heap after GC invocations=74 (full 0):
 garbage-first heap   total reserved 4116480K, committed 409600K, used 65513K [0x0000000704c00000, 0x0000000800000000)
  region size 2048K, 1 young (2048K), 1 survivors (2048K)
 Metaspace       used 19563K, committed 19904K, reserved 1114112K
  class space    used 2642K, committed 2816K, reserved 1048576K
}
Event: 60.120 GC heap before
{Heap before GC invocations=74 (full 0):
 garbage-first heap   total reserved 4116480K, committed 409600K, used 182249K [0x0000000704c00000, 0x0000000800000000)
  region size 2048K, 3 young (6144K), 1 survivors (2048K)
 Metaspace       used 19563K, committed 19904K, reserved 1114112K
  class space    used 2642K, committed 2816K, reserved 1048576K
}
Event: 60.122 GC heap after
{Heap after GC invocations=75 (full 0):
 garbage-first heap   total reserved 4116480K, committed 409600K, used 65525K [0x0000000704c00000, 0x0000000800000000)
  region size 2048K, 1 young (2048K), 1 survivors (2048K)
 Metaspace       used 19563K, committed 19904K, reserved 1114112K
  class space    used 2642K, committed 2816K, reserved 1048576K
}
Event: 61.858 GC heap before
{Heap before GC invocations=75 (full 0):
 garbage-first heap   total reserved 4116480K, committed 409600K, used 182261K [0x0000000704c00000, 0x0000000800000000)
  region size 2048K, 3 young (6144K), 1 survivors (2048K)
 Metaspace       used 19563K, committed 19904K, reserved 1114112K
  class space    used 2642K, committed 2816K, reserved 1048576K
}
Event: 61.859 GC heap after
{Heap after GC invocations=76 (full 0):
 garbage-first heap   total reserved 4116480K, committed 409600K, used 65525K [0x0000000704c00000, 0x0000000800000000)
  region size 2048K, 1 young (2048K), 1 survivors (2048K)
 Metaspace       used 19563K, committed 19904K, reserved 1114112K
  class space    used 2642K, committed 2816K, reserved 1048576K
}
Event: 63.564 GC heap before
{Heap before GC invocations=76 (full 0):
 garbage-first heap   total reserved 4116480K, committed 409600K, used 182261K [0x0000000704c00000, 0x0000000800000000)
  region size 2048K, 3 young (6144K), 1 survivors (2048K)
 Metaspace       used 19563K, committed 19904K, reserved 1114112K
  class space    used 2642K, committed 2816K, reserved 1048576K
}
Event: 63.565 GC heap after
{Heap after GC invocations=77 (full 0):
 garbage-first heap   total reserved 4116480K, committed 409600K, used 65525K [0x0000000704c00000, 0x0000000800000000)
  region size 2048K, 1 young (2048K), 1 survivors (2048K)
 Metaspace       used 19563K, committed 19904K, reserved 1114112K
  class space    used 2642K, committed 2816K, reserved 1048576K
}
Event: 65.515 GC heap before
{Heap before GC invocations=77 (full 0):
 garbage-first heap   total reserved 4116480K, committed 409600K, used 182261K [0x0000000704c00000, 0x0000000800000000)
  region size 2048K, 3 young (6144K), 1 survivors (2048K)
 Metaspace       used 19565K, committed 19904K, reserved 1114112K
  class space    used 2642K, committed 2816K, reserved 1048576K
}
Event: 65.516 GC heap after
{Heap after GC invocations=78 (full 0):
 garbage-first heap   total reserved 4116480K, committed 409600K, used 65531K [0x0000000704c00000, 0x0000000800000000)
  region size 2048K, 1 young (2048K), 1 survivors (2048K)
 Metaspace       used 19565K, committed 19904K, reserved 1114112K
  class space    used 2642K, committed 2816K, reserved 1048576K
}
Event: 67.479 GC heap before
{Heap before GC invocations=78 (full 0):
 garbage-first heap   total reserved 4116480K, committed 409600K, used 182267K [0x0000000704c00000, 0x0000000800000000)
  region size 2048K, 3 young (6144K), 1 survivors (2048K)
 Metaspace       used 19565K, committed 19904K, reserved 1114112K
  class space    used 2642K, committed 2816K, reserved 1048576K
}
Event: 67.481 GC heap after
{Heap after GC invocations=79 (full 0):
 garbage-first heap   total reserved 4116480K, committed 409600K, used 65535K [0x0000000704c00000, 0x0000000800000000)
  region size 2048K, 1 young (2048K), 1 survivors (2048K)
 Metaspace       used 19565K, committed 19904K, reserved 1114112K
  class space    used 2642K, committed 2816K, reserved 1048576K
}
Event: 68.898 GC heap before
{Heap before GC invocations=79 (full 0):
 garbage-first heap   total reserved 4116480K, committed 409600K, used 182271K [0x0000000704c00000, 0x0000000800000000)
  region size 2048K, 3 young (6144K), 1 survivors (2048K)
 Metaspace       used 19576K, committed 19904K, reserved 1114112K
  class space    used 2642K, committed 2816K, reserved 1048576K
}
Event: 68.899 GC heap after
{Heap after GC invocations=80 (full 0):
 garbage-first heap   total reserved 4116480K, committed 409600K, used 65537K [0x0000000704c00000, 0x0000000800000000)
  region size 2048K, 1 young (2048K), 1 survivors (2048K)
 Metaspace       used 19576K, committed 19904K, reserved 1114112K
  class space    used 2642K, committed 2816K, reserved 1048576K
}
Event: 70.062 GC heap before
{Heap before GC invocations=80 (full 0):
 garbage-first heap   total reserved 4116480K, committed 409600K, used 182273K [0x0000000704c00000, 0x0000000800000000)
  region size 2048K, 3 young (6144K), 1 survivors (2048K)
 Metaspace       used 19578K, committed 19904K, reserved 1114112K
  class space    used 2642K, committed 2816K, reserved 1048576K
}
Event: 70.063 GC heap after
{Heap after GC invocations=81 (full 0):
 garbage-first heap   total reserved 4116480K, committed 409600K, used 65533K [0x0000000704c00000, 0x0000000800000000)
  region size 2048K, 1 young (2048K), 1 survivors (2048K)
 Metaspace       used 19578K, committed 19904K, reserved 1114112K
  class space    used 2642K, committed 2816K, reserved 1048576K
}
Event: 71.791 GC heap before
{Heap before GC invocations=81 (full 0):
 garbage-first heap   total reserved 4116480K, committed 409600K, used 182269K [0x0000000704c00000, 0x0000000800000000)
  region size 2048K, 3 young (6144K), 1 survivors (2048K)
 Metaspace       used 19578K, committed 19904K, reserved 1114112K
  class space    used 2642K, committed 2816K, reserved 1048576K
}
Event: 71.792 GC heap after
{Heap after GC invocations=82 (full 0):
 garbage-first heap   total reserved 4116480K, committed 409600K, used 65531K [0x0000000704c00000, 0x0000000800000000)
  region size 2048K, 1 young (2048K), 1 survivors (2048K)
 Metaspace       used 19578K, committed 19904K, reserved 1114112K
  class space    used 2642K, committed 2816K, reserved 1048576K
}

