# JRE version: Java(TM) SE Runtime Environment (22.0.2+9) (build 22.0.2+9-70)
# Java VM: Java HotSpot(TM) 64-Bit Server VM (22.0.2+9-70, mixed mode, sharing, tiered, compressed oops, compressed class ptrs, g1 gc, windows-amd64)
GC Precious Log:
 CardTable entry size: 512
 Card Set container configuration: InlinePtr #cards 4 size 8 Array Of Cards #cards 16 size 48 Howl #buckets 8 coarsen threshold 3686 Howl Bitmap #cards 512 size 80 coarsen threshold 460 Card regions per heap region 1 cards per card region 4096
 CPUs: 12 total, 12 available
 Memory: 16077M
 Large Page Support: Disabled
 NUMA Support: Disabled
 Compressed Oops: Enabled (Zero based)
 Heap Region Size: 2M
 Heap Min Capacity: 8M
 Heap Initial Capacity: 252M
 Heap Max Capacity: 4020M
 Pre-touch: Disabled
 Parallel Workers: 10
 Concurrent Workers: 3
 Concurrent Refinement Workers: 10
 Periodic GC: Disabled
Heap:
 garbage-first heap   total reserved 4116480K, committed 393216K, used 91848K [0x0000000704c00000, 0x0000000800000000)
  region size 2048K, 3 young (6144K), 1 survivors (2048K)
 Metaspace       used 18555K, committed 18880K, reserved 1114112K
  class space    used 2626K, committed 2752K, reserved 1048576K
GC Heap History (20 events):
Event: 9.138 GC heap before
{Heap before GC invocations=13 (full 0):
 garbage-first heap   total reserved 4116480K, committed 393216K, used 181431K [0x0000000704c00000, 0x0000000800000000)
  region size 2048K, 6 young (12288K), 4 survivors (8192K)
 Metaspace       used 18309K, committed 18560K, reserved 1114112K
  class space    used 2626K, committed 2752K, reserved 1048576K
}
Event: 9.150 GC heap after
{Heap after GC invocations=14 (full 0):
 garbage-first heap   total reserved 4116480K, committed 393216K, used 48445K [0x0000000704c00000, 0x0000000800000000)
  region size 2048K, 4 young (8192K), 4 survivors (8192K)
 Metaspace       used 18309K, committed 18560K, reserved 1114112K
  class space    used 2626K, committed 2752K, reserved 1048576K
}
Event: 9.520 GC heap before
{Heap before GC invocations=14 (full 0):
 garbage-first heap   total reserved 4116480K, committed 393216K, used 181565K [0x0000000704c00000, 0x0000000800000000)
  region size 2048K, 6 young (12288K), 4 survivors (8192K)
 Metaspace       used 18338K, committed 18624K, reserved 1114112K
  class space    used 2626K, committed 2752K, reserved 1048576K
}
Event: 9.526 GC heap after
{Heap after GC invocations=15 (full 0):
 garbage-first heap   total reserved 4116480K, committed 393216K, used 48425K [0x0000000704c00000, 0x0000000800000000)
  region size 2048K, 4 young (8192K), 4 survivors (8192K)
 Metaspace       used 18338K, committed 18624K, reserved 1114112K
  class space    used 2626K, committed 2752K, reserved 1048576K
}
Event: 9.894 GC heap before
{Heap before GC invocations=15 (full 0):
 garbage-first heap   total reserved 4116480K, committed 393216K, used 181545K [0x0000000704c00000, 0x0000000800000000)
  region size 2048K, 6 young (12288K), 4 survivors (8192K)
 Metaspace       used 18364K, committed 18624K, reserved 1114112K
  class space    used 2626K, committed 2752K, reserved 1048576K
}
Event: 9.897 GC heap after
{Heap after GC invocations=16 (full 0):
 garbage-first heap   total reserved 4116480K, committed 393216K, used 48421K [0x0000000704c00000, 0x0000000800000000)
  region size 2048K, 4 young (8192K), 4 survivors (8192K)
 Metaspace       used 18364K, committed 18624K, reserved 1114112K
  class space    used 2626K, committed 2752K, reserved 1048576K
}
Event: 10.268 GC heap before
{Heap before GC invocations=16 (full 0):
 garbage-first heap   total reserved 4116480K, committed 393216K, used 183589K [0x0000000704c00000, 0x0000000800000000)
  region size 2048K, 6 young (12288K), 4 survivors (8192K)
 Metaspace       used 18386K, committed 18688K, reserved 1114112K
  class space    used 2626K, committed 2752K, reserved 1048576K
}
Event: 10.273 GC heap after
{Heap after GC invocations=17 (full 0):
 garbage-first heap   total reserved 4116480K, committed 393216K, used 48816K [0x0000000704c00000, 0x0000000800000000)
  region size 2048K, 3 young (6144K), 3 survivors (6144K)
 Metaspace       used 18386K, committed 18688K, reserved 1114112K
  class space    used 2626K, committed 2752K, reserved 1048576K
}
Event: 10.638 GC heap before
{Heap before GC invocations=17 (full 0):
 garbage-first heap   total reserved 4116480K, committed 393216K, used 181936K [0x0000000704c00000, 0x0000000800000000)
  region size 2048K, 5 young (10240K), 3 survivors (6144K)
 Metaspace       used 18415K, committed 18688K, reserved 1114112K
  class space    used 2626K, committed 2752K, reserved 1048576K
}
Event: 10.642 GC heap after
{Heap after GC invocations=18 (full 0):
 garbage-first heap   total reserved 4116480K, committed 393216K, used 48610K [0x0000000704c00000, 0x0000000800000000)
  region size 2048K, 2 young (4096K), 2 survivors (4096K)
 Metaspace       used 18415K, committed 18688K, reserved 1114112K
  class space    used 2626K, committed 2752K, reserved 1048576K
}
Event: 10.992 GC heap before
{Heap before GC invocations=18 (full 0):
 garbage-first heap   total reserved 4116480K, committed 393216K, used 173538K [0x0000000704c00000, 0x0000000800000000)
  region size 2048K, 4 young (8192K), 2 survivors (4096K)
 Metaspace       used 18428K, committed 18688K, reserved 1114112K
  class space    used 2626K, committed 2752K, reserved 1048576K
}
Event: 10.994 GC heap after
{Heap after GC invocations=19 (full 0):
 garbage-first heap   total reserved 4116480K, committed 393216K, used 48631K [0x0000000704c00000, 0x0000000800000000)
  region size 2048K, 2 young (4096K), 2 survivors (4096K)
 Metaspace       used 18428K, committed 18688K, reserved 1114112K
  class space    used 2626K, committed 2752K, reserved 1048576K
}
Event: 11.342 GC heap before
{Heap before GC invocations=19 (full 0):
 garbage-first heap   total reserved 4116480K, committed 393216K, used 173559K [0x0000000704c00000, 0x0000000800000000)
  region size 2048K, 4 young (8192K), 2 survivors (4096K)
 Metaspace       used 18438K, committed 18688K, reserved 1114112K
  class space    used 2626K, committed 2752K, reserved 1048576K
}
Event: 11.346 GC heap after
{Heap after GC invocations=20 (full 0):
 garbage-first heap   total reserved 4116480K, committed 393216K, used 49018K [0x0000000704c00000, 0x0000000800000000)
  region size 2048K, 1 young (2048K), 1 survivors (2048K)
 Metaspace       used 18438K, committed 18688K, reserved 1114112K
  class space    used 2626K, committed 2752K, reserved 1048576K
}
Event: 11.706 GC heap before
{Heap before GC invocations=20 (full 0):
 garbage-first heap   total reserved 4116480K, committed 393216K, used 173946K [0x0000000704c00000, 0x0000000800000000)
  region size 2048K, 3 young (6144K), 1 survivors (2048K)
 Metaspace       used 18445K, committed 18688K, reserved 1114112K
  class space    used 2626K, committed 2752K, reserved 1048576K
}
Event: 11.707 GC heap after
{Heap after GC invocations=21 (full 0):
 garbage-first heap   total reserved 4116480K, committed 393216K, used 48832K [0x0000000704c00000, 0x0000000800000000)
  region size 2048K, 1 young (2048K), 1 survivors (2048K)
 Metaspace       used 18445K, committed 18688K, reserved 1114112K
  class space    used 2626K, committed 2752K, reserved 1048576K
}
Event: 12.045 GC heap before
{Heap before GC invocations=21 (full 0):
 garbage-first heap   total reserved 4116480K, committed 393216K, used 173760K [0x0000000704c00000, 0x0000000800000000)
  region size 2048K, 3 young (6144K), 1 survivors (2048K)
 Metaspace       used 18512K, committed 18816K, reserved 1114112K
  class space    used 2626K, committed 2752K, reserved 1048576K
}
Event: 12.046 GC heap after
{Heap after GC invocations=22 (full 0):
 garbage-first heap   total reserved 4116480K, committed 393216K, used 48826K [0x0000000704c00000, 0x0000000800000000)
  region size 2048K, 1 young (2048K), 1 survivors (2048K)
 Metaspace       used 18512K, committed 18816K, reserved 1114112K
  class space    used 2626K, committed 2752K, reserved 1048576K
}
Event: 12.407 GC heap before
{Heap before GC invocations=22 (full 0):
 garbage-first heap   total reserved 4116480K, committed 393216K, used 173754K [0x0000000704c00000, 0x0000000800000000)
  region size 2048K, 3 young (6144K), 1 survivors (2048K)
 Metaspace       used 18534K, committed 18816K, reserved 1114112K
  class space    used 2626K, committed 2752K, reserved 1048576K
}
Event: 12.409 GC heap after
{Heap after GC invocations=23 (full 0):
 garbage-first heap   total reserved 4116480K, committed 393216K, used 57032K [0x0000000704c00000, 0x0000000800000000)
  region size 2048K, 1 young (2048K), 1 survivors (2048K)
 Metaspace       used 18534K, committed 18816K, reserved 1114112K
  class space    used 2626K, committed 2752K, reserved 1048576K
}

