# JRE version: Java(TM) SE Runtime Environment (22.0.2+9) (build 22.0.2+9-70)
# Java VM: Java HotSpot(TM) 64-Bit Server VM (22.0.2+9-70, mixed mode, sharing, tiered, compressed oops, compressed class ptrs, g1 gc, windows-amd64)
GC Precious Log:
 CardTable entry size: 512
 Card Set container configuration: InlinePtr #cards 4 size 8 Array Of Cards #cards 16 size 48 Howl #buckets 8 coarsen threshold 3686 Howl Bitmap #cards 512 size 80 coarsen threshold 460 Card regions per heap region 1 cards per card region 4096
 CPUs: 12 total, 12 available
 Memory: 16077M
 Large Page Support: Disabled
 NUMA Support: Disabled
 Compressed Oops: Enabled (Zero based)
 Heap Region Size: 2M
 Heap Min Capacity: 8M
 Heap Initial Capacity: 252M
 Heap Max Capacity: 4020M
 Pre-touch: Disabled
 Parallel Workers: 10
 Concurrent Workers: 3
 Concurrent Refinement Workers: 10
 Periodic GC: Disabled
Heap:
 garbage-first heap   total reserved 4116480K, committed 360448K, used 121211K [0x0000000704c00000, 0x0000000800000000)
  region size 2048K, 2 young (4096K), 1 survivors (2048K)
 Metaspace       used 18778K, committed 19072K, reserved 1114112K
  class space    used 2628K, committed 2752K, reserved 1048576K
GC Heap History (20 events):
Event: 18.075 GC heap before
{Heap before GC invocations=54 (full 1):
 garbage-first heap   total reserved 4116480K, committed 299008K, used 123188K [0x0000000704c00000, 0x0000000800000000)
  region size 2048K, 3 young (6144K), 1 survivors (2048K)
 Metaspace       used 18733K, committed 19008K, reserved 1114112K
  class space    used 2628K, committed 2752K, reserved 1048576K
}
Event: 18.076 GC heap after
{Heap after GC invocations=55 (full 1):
 garbage-first heap   total reserved 4116480K, committed 299008K, used 96568K [0x0000000704c00000, 0x0000000800000000)
  region size 2048K, 1 young (2048K), 1 survivors (2048K)
 Metaspace       used 18733K, committed 19008K, reserved 1114112K
  class space    used 2628K, committed 2752K, reserved 1048576K
}
Event: 18.156 GC heap before
{Heap before GC invocations=55 (full 1):
 garbage-first heap   total reserved 4116480K, committed 299008K, used 121144K [0x0000000704c00000, 0x0000000800000000)
  region size 2048K, 2 young (4096K), 1 survivors (2048K)
 Metaspace       used 18733K, committed 19008K, reserved 1114112K
  class space    used 2628K, committed 2752K, reserved 1048576K
}
Event: 18.157 GC heap after
{Heap after GC invocations=56 (full 1):
 garbage-first heap   total reserved 4116480K, committed 360448K, used 104766K [0x0000000704c00000, 0x0000000800000000)
  region size 2048K, 1 young (2048K), 1 survivors (2048K)
 Metaspace       used 18733K, committed 19008K, reserved 1114112K
  class space    used 2628K, committed 2752K, reserved 1048576K
}
Event: 18.274 GC heap before
{Heap before GC invocations=56 (full 1):
 garbage-first heap   total reserved 4116480K, committed 360448K, used 155966K [0x0000000704c00000, 0x0000000800000000)
  region size 2048K, 3 young (6144K), 1 survivors (2048K)
 Metaspace       used 18754K, committed 19008K, reserved 1114112K
  class space    used 2628K, committed 2752K, reserved 1048576K
}
Event: 18.275 GC heap after
{Heap after GC invocations=57 (full 1):
 garbage-first heap   total reserved 4116480K, committed 360448K, used 104795K [0x0000000704c00000, 0x0000000800000000)
  region size 2048K, 1 young (2048K), 1 survivors (2048K)
 Metaspace       used 18754K, committed 19008K, reserved 1114112K
  class space    used 2628K, committed 2752K, reserved 1048576K
}
Event: 18.416 GC heap before
{Heap before GC invocations=57 (full 1):
 garbage-first heap   total reserved 4116480K, committed 360448K, used 155995K [0x0000000704c00000, 0x0000000800000000)
  region size 2048K, 3 young (6144K), 1 survivors (2048K)
 Metaspace       used 18754K, committed 19008K, reserved 1114112K
  class space    used 2628K, committed 2752K, reserved 1048576K
}
Event: 18.417 GC heap after
{Heap after GC invocations=58 (full 1):
 garbage-first heap   total reserved 4116480K, committed 360448K, used 104807K [0x0000000704c00000, 0x0000000800000000)
  region size 2048K, 1 young (2048K), 1 survivors (2048K)
 Metaspace       used 18754K, committed 19008K, reserved 1114112K
  class space    used 2628K, committed 2752K, reserved 1048576K
}
Event: 18.558 GC heap before
{Heap before GC invocations=58 (full 1):
 garbage-first heap   total reserved 4116480K, committed 360448K, used 156007K [0x0000000704c00000, 0x0000000800000000)
  region size 2048K, 3 young (6144K), 1 survivors (2048K)
 Metaspace       used 18754K, committed 19008K, reserved 1114112K
  class space    used 2628K, committed 2752K, reserved 1048576K
}
Event: 18.559 GC heap after
{Heap after GC invocations=59 (full 1):
 garbage-first heap   total reserved 4116480K, committed 360448K, used 104799K [0x0000000704c00000, 0x0000000800000000)
  region size 2048K, 1 young (2048K), 1 survivors (2048K)
 Metaspace       used 18754K, committed 19008K, reserved 1114112K
  class space    used 2628K, committed 2752K, reserved 1048576K
}
Event: 18.705 GC heap before
{Heap before GC invocations=59 (full 1):
 garbage-first heap   total reserved 4116480K, committed 360448K, used 155999K [0x0000000704c00000, 0x0000000800000000)
  region size 2048K, 3 young (6144K), 1 survivors (2048K)
 Metaspace       used 18772K, committed 19072K, reserved 1114112K
  class space    used 2628K, committed 2752K, reserved 1048576K
}
Event: 18.706 GC heap after
{Heap after GC invocations=60 (full 1):
 garbage-first heap   total reserved 4116480K, committed 360448K, used 104821K [0x0000000704c00000, 0x0000000800000000)
  region size 2048K, 1 young (2048K), 1 survivors (2048K)
 Metaspace       used 18772K, committed 19072K, reserved 1114112K
  class space    used 2628K, committed 2752K, reserved 1048576K
}
Event: 18.848 GC heap before
{Heap before GC invocations=60 (full 1):
 garbage-first heap   total reserved 4116480K, committed 360448K, used 156021K [0x0000000704c00000, 0x0000000800000000)
  region size 2048K, 3 young (6144K), 1 survivors (2048K)
 Metaspace       used 18772K, committed 19072K, reserved 1114112K
  class space    used 2628K, committed 2752K, reserved 1048576K
}
Event: 18.849 GC heap after
{Heap after GC invocations=61 (full 1):
 garbage-first heap   total reserved 4116480K, committed 360448K, used 104819K [0x0000000704c00000, 0x0000000800000000)
  region size 2048K, 1 young (2048K), 1 survivors (2048K)
 Metaspace       used 18772K, committed 19072K, reserved 1114112K
  class space    used 2628K, committed 2752K, reserved 1048576K
}
Event: 18.985 GC heap before
{Heap before GC invocations=61 (full 1):
 garbage-first heap   total reserved 4116480K, committed 360448K, used 156019K [0x0000000704c00000, 0x0000000800000000)
  region size 2048K, 3 young (6144K), 1 survivors (2048K)
 Metaspace       used 18772K, committed 19072K, reserved 1114112K
  class space    used 2628K, committed 2752K, reserved 1048576K
}
Event: 18.986 GC heap after
{Heap after GC invocations=62 (full 1):
 garbage-first heap   total reserved 4116480K, committed 360448K, used 104818K [0x0000000704c00000, 0x0000000800000000)
  region size 2048K, 1 young (2048K), 1 survivors (2048K)
 Metaspace       used 18772K, committed 19072K, reserved 1114112K
  class space    used 2628K, committed 2752K, reserved 1048576K
}
Event: 19.118 GC heap before
{Heap before GC invocations=62 (full 1):
 garbage-first heap   total reserved 4116480K, committed 360448K, used 156018K [0x0000000704c00000, 0x0000000800000000)
  region size 2048K, 3 young (6144K), 1 survivors (2048K)
 Metaspace       used 18773K, committed 19072K, reserved 1114112K
  class space    used 2628K, committed 2752K, reserved 1048576K
}
Event: 19.119 GC heap after
{Heap after GC invocations=63 (full 1):
 garbage-first heap   total reserved 4116480K, committed 360448K, used 104823K [0x0000000704c00000, 0x0000000800000000)
  region size 2048K, 1 young (2048K), 1 survivors (2048K)
 Metaspace       used 18773K, committed 19072K, reserved 1114112K
  class space    used 2628K, committed 2752K, reserved 1048576K
}
Event: 19.274 GC heap before
{Heap before GC invocations=63 (full 1):
 garbage-first heap   total reserved 4116480K, committed 360448K, used 156023K [0x0000000704c00000, 0x0000000800000000)
  region size 2048K, 3 young (6144K), 1 survivors (2048K)
 Metaspace       used 18778K, committed 19072K, reserved 1114112K
  class space    used 2628K, committed 2752K, reserved 1048576K
}
Event: 19.275 GC heap after
{Heap after GC invocations=64 (full 1):
 garbage-first heap   total reserved 4116480K, committed 360448K, used 113019K [0x0000000704c00000, 0x0000000800000000)
  region size 2048K, 1 young (2048K), 1 survivors (2048K)
 Metaspace       used 18778K, committed 19072K, reserved 1114112K
  class space    used 2628K, committed 2752K, reserved 1048576K
}

